<?xml version="1.0" encoding="UTF-8"?>
<testsuite xmlns:xsi="http://www.w3.org/2001/XMLSchema-instance" xsi:noNamespaceSchemaLocation="https://maven.apache.org/surefire/maven-surefire-plugin/xsd/surefire-test-report-3.0.xsd" version="3.0" name="com.tienda.usuarios.service.UserServiceTest" time="2.381" tests="1" errors="1" skipped="0" failures="0">
  <properties>
[...]
</properties>
  <testcase name="testRegistrarUsuario_Exitoso" classname="com.tienda.usuarios.service.UserServiceTest" time="2.301">
    <error message="Cannot invoke &quot;com.tienda.usuarios.model.Role.getNombre()&quot; because the return value of &quot;com.tienda.usuarios.dto.UserRequestDTO.getRol()&quot; is null" type="java.lang.NullPointerException"><![CDATA[java.lang.NullPointerException: Cannot invoke "com.tienda.usuarios.model.Role.getNombre()" because the return value of "com.tienda.usuarios.dto.UserRequestDTO.getRol()" is null
	at com.tienda.usuarios.service.UserService.registrarUsuario(UserService.java:57)
	at com.tienda.usuarios.service.UserServiceTest.testRegistrarUsuario_Exitoso(UserServiceTest.java:85)
	at java.base/java.lang.reflect.Method.invoke(Method.java:580)
	at java.base/java.util.ArrayList.forEach(ArrayList.java:1597)
	at java.base/java.util.ArrayList.forEach(ArrayList.java:1597)
]]></error>
    <system-err><![CDATA[WARNING: A Java agent has been loaded dynamically (C:\Users\Alejandro\.m2\repository\net\bytebuddy\byte-buddy-agent\1.14.10\byte-buddy-agent-1.14.10.jar)
WARNING: If a serviceability tool is in use, please run with -XX:+EnableDynamicAgentLoading to hide this warning
WARNING: If a serviceability tool is not in use, please run with -Djdk.instrument.traceUsage for more information
WARNING: Dynamic loading of agents will be disallowed by default in a future release
]]></system-err>
  </testcase>
</testsuite>